<?xml version="1.0" encoding="UTF-8"?>
<testsuite xmlns:xsi="http://www.w3.org/2001/XMLSchema-instance" xsi:noNamespaceSchemaLocation="https://maven.apache.org/surefire/maven-surefire-plugin/xsd/surefire-test-report-3.0.xsd" version="3.0" name="demo.hw.server.HelloWorldImplTest" time="0.059" tests="3" errors="0" skipped="0" failures="0">
  <properties>
[...]
</properties>
  <testcase name="testGetUsers" classname="demo.hw.server.HelloWorldImplTest" time="0.012">
    <system-out><![CDATA[sayHiToUser called
sayHiToUser called
getUsers called
]]></system-out>
  </testcase>
  <testcase name="testSayHi" classname="demo.hw.server.HelloWorldImplTest" time="0.0">
    <system-out><![CDATA[sayHi called
]]></system-out>
  </testcase>
  <testcase name="testSayHiToUser" classname="demo.hw.server.HelloWorldImplTest" time="0.002">
    <system-out><![CDATA[sayHiToUser called
]]></system-out>
  </testcase>
</testsuite>